2023-10-23 10:40:10,424 DEBUG    root            Loaded Command Group: ['gcloud', 'auth']
2023-10-23 10:40:10,425 DEBUG    root            Loaded Command Group: ['gcloud', 'auth', 'login']
2023-10-23 10:40:10,426 DEBUG    root            Running [gcloud.auth.login] with arguments: []
2023-10-23 10:40:10,436 DEBUG    requests_oauthlib.oauth2_session Generated new state 7Op3hgW0hXLV9g05lqUo7f9FMWtgpd.
2023-10-23 10:40:10,575 INFO     ___FILE_ONLY___ Your browser has been opened to visit:

    https://accounts.google.com/o/oauth2/auth?response_type=code&client_id=32555940559.apps.googleusercontent.com&redirect_uri=http%3A%2F%2Flocalhost%3A8085%2F&scope=openid+https%3A%2F%2Fwww.googleapis.com%2Fauth%2Fuserinfo.email+https%3A%2F%2Fwww.googleapis.com%2Fauth%2Fcloud-platform+https%3A%2F%2Fwww.googleapis.com%2Fauth%2Fappengine.admin+https%3A%2F%2Fwww.googleapis.com%2Fauth%2Fsqlservice.login+https%3A%2F%2Fwww.googleapis.com%2Fauth%2Fcompute+https%3A%2F%2Fwww.googleapis.com%2Fauth%2Faccounts.reauth&state=7Op3hgW0hXLV9g05lqUo7f9FMWtgpd&access_type=offline&code_challenge=18gTl8EJqamTMc5gw8NuqM189U38NV9Wmn-GKkLAOpU&code_challenge_method=S256


2023-10-23 10:41:01,179 INFO     google_auth_oauthlib.flow "GET /?state=7Op3hgW0hXLV9g05lqUo7f9FMWtgpd&code=4/0AfJohXlvqfOBEwrrZAQHOmMLUf1L7XW4bjapUl0U1P85tbqX-WVLa5o5SMuY0BDQGRadtA&scope=email%20openid%20https://www.googleapis.com/auth/userinfo.email%20https://www.googleapis.com/auth/cloud-platform%20https://www.googleapis.com/auth/appengine.admin%20https://www.googleapis.com/auth/sqlservice.login%20https://www.googleapis.com/auth/compute%20https://www.googleapis.com/auth/accounts.reauth&authuser=0&hd=firehydrant.com&prompt=consent HTTP/1.1" 200 959
2023-10-23 10:41:01,180 DEBUG    requests_oauthlib.oauth2_session Requesting url https://oauth2.googleapis.com/token using method POST.
2023-10-23 10:41:01,180 DEBUG    requests_oauthlib.oauth2_session Supplying headers {b'Accept': b'application/json', b'Content-Type': b'application/x-www-form-urlencoded;charset=UTF-8', b'user-agent': b'google-cloud-sdk gcloud/432.0.0 command/gcloud.auth.login invocation-id/575160d0e1a24039abac060b6c1a2860 environment/None environment-version/None client-os/MACOSX client-os-ver/23.0.0 client-pltf-arch/arm interactive/True from-script/False python/3.11.3 term/xterm-256color (Macintosh; Intel Mac OS X 23.0.0)'} and data {'grant_type': 'authorization_code', 'client_id': '32555940559.apps.googleusercontent.com', 'client_secret': 'ZmssLNjJy2998hD4CTg2ejr2', 'code': '4/0AfJohXlvqfOBEwrrZAQHOmMLUf1L7XW4bjapUl0U1P85tbqX-WVLa5o5SMuY0BDQGRadtA', 'redirect_uri': 'http://localhost:8085/', 'code_verifier': 'n~ZVfSpsiDOoDGOerX~JWb-4j3_VA.9Ldrhfou-JIx8k68tp9BADyKFwIAm0QrNZPbBSd.AaCNLnQqlaVMV2hMN~LgJMeCOcouWydOwVwG0tQ7xZrmXLuYR4om5HsK3h'}
2023-10-23 10:41:01,181 DEBUG    requests_oauthlib.oauth2_session Passing through key word arguments {'json': None, 'timeout': None, 'auth': None, 'verify': None, 'proxies': None}.
2023-10-23 10:41:01,223 DEBUG    urllib3.connectionpool Starting new HTTPS connection (1): oauth2.googleapis.com:443
2023-10-23 10:41:01,465 DEBUG    urllib3.connectionpool https://oauth2.googleapis.com:443 "POST /token HTTP/1.1" 200 None
2023-10-23 10:41:01,466 DEBUG    requests_oauthlib.oauth2_session Prepared fetch token request body grant_type=authorization_code&client_id=32555940559.apps.googleusercontent.com&client_secret=ZmssLNjJy2998hD4CTg2ejr2&code=4%2F0AfJohXlvqfOBEwrrZAQHOmMLUf1L7XW4bjapUl0U1P85tbqX-WVLa5o5SMuY0BDQGRadtA&redirect_uri=http%3A%2F%2Flocalhost%3A8085%2F&code_verifier=n~ZVfSpsiDOoDGOerX~JWb-4j3_VA.9Ldrhfou-JIx8k68tp9BADyKFwIAm0QrNZPbBSd.AaCNLnQqlaVMV2hMN~LgJMeCOcouWydOwVwG0tQ7xZrmXLuYR4om5HsK3h
2023-10-23 10:41:01,467 DEBUG    requests_oauthlib.oauth2_session Request to fetch token completed with status 200.
2023-10-23 10:41:01,467 DEBUG    requests_oauthlib.oauth2_session Request headers were {'user-agent': b'google-cloud-sdk gcloud/432.0.0 command/gcloud.auth.login invocation-id/575160d0e1a24039abac060b6c1a2860 environment/None environment-version/None client-os/MACOSX client-os-ver/23.0.0 client-pltf-arch/arm interactive/True from-script/False python/3.11.3 term/xterm-256color (Macintosh; Intel Mac OS X 23.0.0)', 'Accept-Encoding': 'gzip, deflate', 'Accept': b'application/json', 'Connection': 'keep-alive', 'Content-Type': b'application/x-www-form-urlencoded;charset=UTF-8', 'Content-Length': '387'}
2023-10-23 10:41:01,467 DEBUG    requests_oauthlib.oauth2_session Request body was grant_type=authorization_code&client_id=32555940559.apps.googleusercontent.com&client_secret=ZmssLNjJy2998hD4CTg2ejr2&code=4%2F0AfJohXlvqfOBEwrrZAQHOmMLUf1L7XW4bjapUl0U1P85tbqX-WVLa5o5SMuY0BDQGRadtA&redirect_uri=http%3A%2F%2Flocalhost%3A8085%2F&code_verifier=n~ZVfSpsiDOoDGOerX~JWb-4j3_VA.9Ldrhfou-JIx8k68tp9BADyKFwIAm0QrNZPbBSd.AaCNLnQqlaVMV2hMN~LgJMeCOcouWydOwVwG0tQ7xZrmXLuYR4om5HsK3h
2023-10-23 10:41:01,467 DEBUG    requests_oauthlib.oauth2_session Response headers were {'Pragma': 'no-cache', 'Cache-Control': 'no-cache, no-store, max-age=0, must-revalidate', 'Date': 'Mon, 23 Oct 2023 17:41:01 GMT', 'Expires': 'Mon, 01 Jan 1990 00:00:00 GMT', 'Content-Type': 'application/json; charset=utf-8', 'Vary': 'Origin, X-Origin, Referer', 'Content-Encoding': 'gzip', 'Server': 'scaffolding on HTTPServer2', 'X-XSS-Protection': '0', 'X-Frame-Options': 'SAMEORIGIN', 'X-Content-Type-Options': 'nosniff', 'Alt-Svc': 'h3=":443"; ma=2592000,h3-29=":443"; ma=2592000', 'Transfer-Encoding': 'chunked'} and content {
  "access_token": "ya29.a0AfB_byCIiup0qqJHQzeEh9UKQdJXlbQ4FgozFsFtePWhFPNDH36oFXOGRonupiOaNqMRVYgsM8TD9U-B5Dc3WaJOJyPVz4izrJ3EzS0ypXLqFFx1ihkDHXvP28g9C8_TcPRF3Ty84674msE8ShtXU0zJF5iASivudBMaY57HfwaCgYKARYSARMSFQGOcNnCmRxljlnbHjMfXyCdXAw3Ug0177",
  "expires_in": 3599,
  "refresh_token": "1//06e3nhYOio-XpCgYIARAAGAYSNwF-L9IrYE2dDUDshigMtEPl7P2u0YRApJwEef6Zii7oOZSU0pM1NhdLG86Kn55wO-kvkjTJiP8",
  "scope": "https://www.googleapis.com/auth/compute https://www.googleapis.com/auth/sqlservice.login https://www.googleapis.com/auth/accounts.reauth https://www.googleapis.com/auth/userinfo.email https://www.googleapis.com/auth/appengine.admin https://www.googleapis.com/auth/cloud-platform openid",
  "token_type": "Bearer",
  "id_token": "eyJhbGciOiJSUzI1NiIsImtpZCI6IjdkMzM0NDk3NTA2YWNiNzRjZGVlZGFhNjYxODRkMTU1NDdmODM2OTMiLCJ0eXAiOiJKV1QifQ.eyJpc3MiOiJodHRwczovL2FjY291bnRzLmdvb2dsZS5jb20iLCJhenAiOiIzMjU1NTk0MDU1OS5hcHBzLmdvb2dsZXVzZXJjb250ZW50LmNvbSIsImF1ZCI6IjMyNTU1OTQwNTU5LmFwcHMuZ29vZ2xldXNlcmNvbnRlbnQuY29tIiwic3ViIjoiMTAyMzUzNzc0NTA5ODMzMjM5MzE2IiwiaGQiOiJmaXJlaHlkcmFudC5jb20iLCJlbWFpbCI6ImpwaGVscHNAZmlyZWh5ZHJhbnQuY29tIiwiZW1haWxfdmVyaWZpZWQiOnRydWUsImF0X2hhc2giOiJBY0dOQzFPWVdEblpKT09WSU94MDNnIiwiaWF0IjoxNjk4MDgyODYxLCJleHAiOjE2OTgwODY0NjF9.QwSd1Ot1yEyegxFD977KtcYevbttbNqq7CmAF8X3Lrk9YLdRPcZCOyHwbkcgRk_TN-LDB-U4CRgAdi2QtuvUzGgJftn82b_dTCKB4VolaiK0Fwca3b8MqiUgNx8p1aUvIvEqZg5MF2LDKT7dUYlLq4df2c9bbdeZlQZ6yYTDxV_k9ajQhOpVnEafZouYJV3K-2ZUEvdrI2zOtjHKp0YMtFhU0aZvPFhSrhrykEWOcRQQQ8M7H7TMCPK_-T-vc5lv2FhIcwj-OPB2BqjfVeGEllGjVLyrXGIsnJw2Rh0DopqqiaKTNQTxfsMsG--2TGYwC3A4dIRerosOqoeKB2Zaqg"
}.
2023-10-23 10:41:01,467 DEBUG    requests_oauthlib.oauth2_session Invoking 0 token response hooks.
2023-10-23 10:41:01,467 DEBUG    requests_oauthlib.oauth2_session Obtained token {'access_token': 'ya29.a0AfB_byCIiup0qqJHQzeEh9UKQdJXlbQ4FgozFsFtePWhFPNDH36oFXOGRonupiOaNqMRVYgsM8TD9U-B5Dc3WaJOJyPVz4izrJ3EzS0ypXLqFFx1ihkDHXvP28g9C8_TcPRF3Ty84674msE8ShtXU0zJF5iASivudBMaY57HfwaCgYKARYSARMSFQGOcNnCmRxljlnbHjMfXyCdXAw3Ug0177', 'expires_in': 3599, 'refresh_token': '1//06e3nhYOio-XpCgYIARAAGAYSNwF-L9IrYE2dDUDshigMtEPl7P2u0YRApJwEef6Zii7oOZSU0pM1NhdLG86Kn55wO-kvkjTJiP8', 'scope': ['https://www.googleapis.com/auth/compute', 'https://www.googleapis.com/auth/sqlservice.login', 'https://www.googleapis.com/auth/accounts.reauth', 'https://www.googleapis.com/auth/userinfo.email', 'https://www.googleapis.com/auth/appengine.admin', 'https://www.googleapis.com/auth/cloud-platform', 'openid'], 'token_type': 'Bearer', 'id_token': 'eyJhbGciOiJSUzI1NiIsImtpZCI6IjdkMzM0NDk3NTA2YWNiNzRjZGVlZGFhNjYxODRkMTU1NDdmODM2OTMiLCJ0eXAiOiJKV1QifQ.eyJpc3MiOiJodHRwczovL2FjY291bnRzLmdvb2dsZS5jb20iLCJhenAiOiIzMjU1NTk0MDU1OS5hcHBzLmdvb2dsZXVzZXJjb250ZW50LmNvbSIsImF1ZCI6IjMyNTU1OTQwNTU5LmFwcHMuZ29vZ2xldXNlcmNvbnRlbnQuY29tIiwic3ViIjoiMTAyMzUzNzc0NTA5ODMzMjM5MzE2IiwiaGQiOiJmaXJlaHlkcmFudC5jb20iLCJlbWFpbCI6ImpwaGVscHNAZmlyZWh5ZHJhbnQuY29tIiwiZW1haWxfdmVyaWZpZWQiOnRydWUsImF0X2hhc2giOiJBY0dOQzFPWVdEblpKT09WSU94MDNnIiwiaWF0IjoxNjk4MDgyODYxLCJleHAiOjE2OTgwODY0NjF9.QwSd1Ot1yEyegxFD977KtcYevbttbNqq7CmAF8X3Lrk9YLdRPcZCOyHwbkcgRk_TN-LDB-U4CRgAdi2QtuvUzGgJftn82b_dTCKB4VolaiK0Fwca3b8MqiUgNx8p1aUvIvEqZg5MF2LDKT7dUYlLq4df2c9bbdeZlQZ6yYTDxV_k9ajQhOpVnEafZouYJV3K-2ZUEvdrI2zOtjHKp0YMtFhU0aZvPFhSrhrykEWOcRQQQ8M7H7TMCPK_-T-vc5lv2FhIcwj-OPB2BqjfVeGEllGjVLyrXGIsnJw2Rh0DopqqiaKTNQTxfsMsG--2TGYwC3A4dIRerosOqoeKB2Zaqg', 'expires_at': 1698086460.4679282}.
2023-10-23 10:41:01,485 INFO     ___FILE_ONLY___ 
You are now logged in as [jphelps@firehydrant.com].
Your current project is [None].  You can change this setting by running:
  $ gcloud config set project PROJECT_ID

2023-10-23 10:41:01,486 DEBUG    root            Chosen display Format:none
2023-10-23 10:41:01,486 INFO     root            Display format: "none"
2023-10-23 10:41:01,487 DEBUG    root            Checking for updates...
2023-10-23 10:41:01,537 DEBUG    urllib3.connectionpool Starting new HTTPS connection (1): dl.google.com:443
2023-10-23 10:41:01,671 DEBUG    urllib3.connectionpool https://dl.google.com:443 "GET /dl/cloudsdk/channels/rapid/components-2.json HTTP/1.1" 200 209943
2023-10-23 10:41:01,744 DEBUG    root            Updating notification cache...
2023-10-23 10:41:01,745 DEBUG    root            Activating notification: [default]
2023-10-23 10:41:01,745 INFO     ___FILE_ONLY___ 

Updates are available for some Google Cloud CLI components.  To install them,
please run:
  $ gcloud components update


2023-10-23 10:41:01,750 INFO     ___FILE_ONLY___ 

To take a quick anonymous survey, run:
  $ gcloud survey


